[0m09:43:46.071101 [debug] [MainThread]: Sending event: {'category': 'dbt', 'action': 'invocation', 'label': 'start', 'context': [<snowplow_tracker.self_describing_json.SelfDescribingJson object at 0x000001BE47776560>, <snowplow_tracker.self_describing_json.SelfDescribingJson object at 0x000001BE497013C0>, <snowplow_tracker.self_describing_json.SelfDescribingJson object at 0x000001BE497011E0>]}


============================== 09:43:46.080616 | 9a7e991c-d734-45e3-9afb-1c6862ae4538 ==============================
[0m09:43:46.080616 [info ] [MainThread]: Running with dbt=1.9.0-b2
[0m09:43:46.080616 [debug] [MainThread]: running dbt with arguments {'printer_width': '80', 'indirect_selection': 'eager', 'write_json': 'True', 'log_cache_events': 'False', 'partial_parse': 'True', 'cache_selected_only': 'False', 'warn_error': 'None', 'version_check': 'True', 'debug': 'False', 'log_path': 'logs', 'fail_fast': 'False', 'profiles_dir': 'C:\\Users\\victo\\.dbt', 'use_colors': 'True', 'use_experimental_parser': 'False', 'empty': 'None', 'quiet': 'False', 'no_print': 'None', 'log_format': 'default', 'introspect': 'True', 'invocation_command': 'dbt init', 'warn_error_options': 'WarnErrorOptions(include=[], exclude=[])', 'target_path': 'None', 'static_parser': 'True', 'send_anonymous_usage_stats': 'True'}
[0m09:43:55.855738 [debug] [MainThread]: Starter project path: C:\Users\victo\PycharmProjects\dbt-marts\.venv\lib\site-packages\dbt\include\starter_project
[0m09:43:55.879297 [info ] [MainThread]: 
Your new dbt project "ecommerce" was created!

For more information on how to configure the profiles.yml file,
please consult the dbt documentation here:

  https://docs.getdbt.com/docs/configure-your-profile

One more thing:

Need help? Don't hesitate to reach out to us via GitHub issues or on Slack:

  https://community.getdbt.com/

Happy modeling!

[0m09:43:55.880304 [info ] [MainThread]: Setting up your profile.
[0m09:44:54.113578 [info ] [MainThread]: Profile ecommerce written to C:\Users\victo\.dbt\profiles.yml using target's profile_template.yml and your supplied values. Run 'dbt debug' to validate the connection.
[0m09:44:54.113578 [debug] [MainThread]: Command `dbt init` succeeded at 09:44:54.113578 after 68.14 seconds
[0m09:44:54.113578 [debug] [MainThread]: Sending event: {'category': 'dbt', 'action': 'invocation', 'label': 'end', 'context': [<snowplow_tracker.self_describing_json.SelfDescribingJson object at 0x000001BE47776560>, <snowplow_tracker.self_describing_json.SelfDescribingJson object at 0x000001BE497013C0>, <snowplow_tracker.self_describing_json.SelfDescribingJson object at 0x000001BE46BA68C0>]}
[0m09:44:54.113578 [debug] [MainThread]: Flushing usage events
[0m09:44:54.935635 [debug] [MainThread]: An error was encountered while trying to flush usage events
[0m10:02:27.846487 [debug] [MainThread]: Sending event: {'category': 'dbt', 'action': 'invocation', 'label': 'start', 'context': [<snowplow_tracker.self_describing_json.SelfDescribingJson object at 0x0000029F1F3365C0>, <snowplow_tracker.self_describing_json.SelfDescribingJson object at 0x0000029F212C5540>, <snowplow_tracker.self_describing_json.SelfDescribingJson object at 0x0000029F212C5360>]}


============================== 10:02:27.862109 | 30ad5e77-0f48-484a-96cc-adc362d60e57 ==============================
[0m10:02:27.862109 [info ] [MainThread]: Running with dbt=1.9.0-b2
[0m10:02:27.862109 [debug] [MainThread]: running dbt with arguments {'printer_width': '80', 'indirect_selection': 'eager', 'write_json': 'True', 'log_cache_events': 'False', 'partial_parse': 'True', 'cache_selected_only': 'False', 'warn_error': 'None', 'debug': 'False', 'version_check': 'True', 'log_path': 'logs', 'fail_fast': 'False', 'profiles_dir': 'C:\\Users\\victo\\.dbt', 'use_colors': 'True', 'use_experimental_parser': 'False', 'no_print': 'None', 'quiet': 'False', 'empty': 'False', 'warn_error_options': 'WarnErrorOptions(include=[], exclude=[])', 'static_parser': 'True', 'log_format': 'default', 'introspect': 'True', 'target_path': 'None', 'invocation_command': 'dbt run', 'send_anonymous_usage_stats': 'True'}
[0m10:02:27.862109 [error] [MainThread]: Encountered an error:
Runtime Error
  No dbt_project.yml found at expected path C:\Users\victo\PycharmProjects\dbt-marts\dbt_project.yml
  Verify that each entry within packages.yml (and their transitive dependencies) contains a file named dbt_project.yml
  
[0m10:02:27.862109 [debug] [MainThread]: Command `dbt run` failed at 10:02:27.862109 after 0.10 seconds
[0m10:02:27.862109 [debug] [MainThread]: Sending event: {'category': 'dbt', 'action': 'invocation', 'label': 'end', 'context': [<snowplow_tracker.self_describing_json.SelfDescribingJson object at 0x0000029F1F3365C0>, <snowplow_tracker.self_describing_json.SelfDescribingJson object at 0x0000029F212C54E0>, <snowplow_tracker.self_describing_json.SelfDescribingJson object at 0x0000029F212C55D0>]}
[0m10:02:27.862109 [debug] [MainThread]: Flushing usage events
[0m10:02:28.690499 [debug] [MainThread]: An error was encountered while trying to flush usage events
